{
  "0 debug pnpm:scope": {
    "selected": 1
  },
  "1 error pnpm": {
    "errno": 1,
    "code": "ELIFECYCLE",
    "pkgid": "wordpress@1.0.0",
    "stage": "fix",
    "script": "vendor/bin/phpcbf kredeum-nfts --ignore=vendor --ignore=loco-translate --extensions=php --standard=WordPress",
    "pkgname": "wordpress",
    "err": {
      "name": "pnpm",
      "message": "wordpress@1.0.0 fix: `vendor/bin/phpcbf kredeum-nfts --ignore=vendor --ignore=loco-translate --extensions=php --standard=WordPress`\nExit status 1",
      "code": "ELIFECYCLE",
      "stack": "pnpm: wordpress@1.0.0 fix: `vendor/bin/phpcbf kredeum-nfts --ignore=vendor --ignore=loco-translate --extensions=php --standard=WordPress`\nExit status 1\n    at EventEmitter.<anonymous> (/Users/alain/pnpm-global/5/node_modules/.pnpm/pnpm@6.30.0/node_modules/pnpm/dist/pnpm.cjs:105659:20)\n    at EventEmitter.emit (events.js:400:28)\n    at ChildProcess.<anonymous> (/Users/alain/pnpm-global/5/node_modules/.pnpm/pnpm@6.30.0/node_modules/pnpm/dist/pnpm.cjs:92207:18)\n    at ChildProcess.emit (events.js:400:28)\n    at maybeClose (internal/child_process.js:1058:16)\n    at Process.ChildProcess._handle.onexit (internal/child_process.js:293:5)"
    }
  },
  "2 warn pnpm:global": " Local package.json exists, but node_modules missing, did you mean to install?"
}